# JRE version: OpenJDK Runtime Environment Temurin-17.0.10+7 (17.0.10+7) (build 17.0.10+7)
# Java VM: OpenJDK 64-Bit Server VM Temurin-17.0.10+7 (17.0.10+7, mixed mode, emulated-client, tiered, compressed oops, compressed class ptrs, g1 gc, windows-amd64)
GC Precious Log:
 CPUs: 6 total, 6 available
 Memory: 7564M
 Large Page Support: Disabled
 NUMA Support: Disabled
 Compressed Oops: Enabled (32-bit)
 Heap Region Size: 1M
 Heap Min Capacity: 8M
 Heap Initial Capacity: 120M
 Heap Max Capacity: 1G
 Pre-touch: Disabled
 Parallel Workers: 6
 Concurrent Workers: 2
 Concurrent Refinement Workers: 6
 Periodic GC: Disabled
Heap:
 garbage-first heap   total 106496K, used 39437K [0x00000000c0000000, 0x0000000100000000)
  region size 1024K, 1 young (1024K), 0 survivors (0K)
 Metaspace       used 59902K, committed 60288K, reserved 1114112K
  class space    used 7485K, committed 7680K, reserved 1048576K
GC Heap History (20 events):
Event: 36048.256 GC heap before
{Heap before GC invocations=1183 (full 1011):
 garbage-first heap   total 106496K, used 39437K [0x00000000c0000000, 0x0000000100000000)
  region size 1024K, 1 young (1024K), 0 survivors (0K)
 Metaspace       used 59902K, committed 60288K, reserved 1114112K
  class space    used 7485K, committed 7680K, reserved 1048576K
}
Event: 36048.318 GC heap after
{Heap after GC invocations=1184 (full 1012):
 garbage-first heap   total 106496K, used 39437K [0x00000000c0000000, 0x0000000100000000)
  region size 1024K, 0 young (0K), 0 survivors (0K)
 Metaspace       used 59902K, committed 60288K, reserved 1114112K
  class space    used 7485K, committed 7680K, reserved 1048576K
}
Event: 36058.560 GC heap before
{Heap before GC invocations=1184 (full 1012):
 garbage-first heap   total 106496K, used 39437K [0x00000000c0000000, 0x0000000100000000)
  region size 1024K, 1 young (1024K), 0 survivors (0K)
 Metaspace       used 59902K, committed 60288K, reserved 1114112K
  class space    used 7485K, committed 7680K, reserved 1048576K
}
Event: 36058.643 GC heap after
{Heap after GC invocations=1185 (full 1013):
 garbage-first heap   total 106496K, used 39437K [0x00000000c0000000, 0x0000000100000000)
  region size 1024K, 0 young (0K), 0 survivors (0K)
 Metaspace       used 59902K, committed 60288K, reserved 1114112K
  class space    used 7485K, committed 7680K, reserved 1048576K
}
Event: 36068.831 GC heap before
{Heap before GC invocations=1185 (full 1013):
 garbage-first heap   total 106496K, used 39437K [0x00000000c0000000, 0x0000000100000000)
  region size 1024K, 1 young (1024K), 0 survivors (0K)
 Metaspace       used 59902K, committed 60288K, reserved 1114112K
  class space    used 7485K, committed 7680K, reserved 1048576K
}
Event: 36068.890 GC heap after
{Heap after GC invocations=1186 (full 1014):
 garbage-first heap   total 106496K, used 39437K [0x00000000c0000000, 0x0000000100000000)
  region size 1024K, 0 young (0K), 0 survivors (0K)
 Metaspace       used 59902K, committed 60288K, reserved 1114112K
  class space    used 7485K, committed 7680K, reserved 1048576K
}
Event: 36079.138 GC heap before
{Heap before GC invocations=1186 (full 1014):
 garbage-first heap   total 106496K, used 39437K [0x00000000c0000000, 0x0000000100000000)
  region size 1024K, 1 young (1024K), 0 survivors (0K)
 Metaspace       used 59902K, committed 60288K, reserved 1114112K
  class space    used 7485K, committed 7680K, reserved 1048576K
}
Event: 36079.219 GC heap after
{Heap after GC invocations=1187 (full 1015):
 garbage-first heap   total 106496K, used 39437K [0x00000000c0000000, 0x0000000100000000)
  region size 1024K, 0 young (0K), 0 survivors (0K)
 Metaspace       used 59902K, committed 60288K, reserved 1114112K
  class space    used 7485K, committed 7680K, reserved 1048576K
}
Event: 36089.492 GC heap before
{Heap before GC invocations=1187 (full 1015):
 garbage-first heap   total 106496K, used 39437K [0x00000000c0000000, 0x0000000100000000)
  region size 1024K, 1 young (1024K), 0 survivors (0K)
 Metaspace       used 59902K, committed 60288K, reserved 1114112K
  class space    used 7485K, committed 7680K, reserved 1048576K
}
Event: 36089.561 GC heap after
{Heap after GC invocations=1188 (full 1016):
 garbage-first heap   total 106496K, used 39437K [0x00000000c0000000, 0x0000000100000000)
  region size 1024K, 0 young (0K), 0 survivors (0K)
 Metaspace       used 59902K, committed 60288K, reserved 1114112K
  class space    used 7485K, committed 7680K, reserved 1048576K
}
Event: 36099.805 GC heap before
{Heap before GC invocations=1188 (full 1016):
 garbage-first heap   total 106496K, used 39437K [0x00000000c0000000, 0x0000000100000000)
  region size 1024K, 1 young (1024K), 0 survivors (0K)
 Metaspace       used 59902K, committed 60288K, reserved 1114112K
  class space    used 7485K, committed 7680K, reserved 1048576K
}
Event: 36099.880 GC heap after
{Heap after GC invocations=1189 (full 1017):
 garbage-first heap   total 106496K, used 39437K [0x00000000c0000000, 0x0000000100000000)
  region size 1024K, 0 young (0K), 0 survivors (0K)
 Metaspace       used 59902K, committed 60288K, reserved 1114112K
  class space    used 7485K, committed 7680K, reserved 1048576K
}
Event: 36110.129 GC heap before
{Heap before GC invocations=1189 (full 1017):
 garbage-first heap   total 106496K, used 39437K [0x00000000c0000000, 0x0000000100000000)
  region size 1024K, 1 young (1024K), 0 survivors (0K)
 Metaspace       used 59902K, committed 60288K, reserved 1114112K
  class space    used 7485K, committed 7680K, reserved 1048576K
}
Event: 36110.208 GC heap after
{Heap after GC invocations=1190 (full 1018):
 garbage-first heap   total 106496K, used 39437K [0x00000000c0000000, 0x0000000100000000)
  region size 1024K, 0 young (0K), 0 survivors (0K)
 Metaspace       used 59902K, committed 60288K, reserved 1114112K
  class space    used 7485K, committed 7680K, reserved 1048576K
}
Event: 36120.407 GC heap before
{Heap before GC invocations=1190 (full 1018):
 garbage-first heap   total 106496K, used 39437K [0x00000000c0000000, 0x0000000100000000)
  region size 1024K, 1 young (1024K), 0 survivors (0K)
 Metaspace       used 59902K, committed 60288K, reserved 1114112K
  class space    used 7485K, committed 7680K, reserved 1048576K
}
Event: 36120.467 GC heap after
{Heap after GC invocations=1191 (full 1019):
 garbage-first heap   total 106496K, used 39437K [0x00000000c0000000, 0x0000000100000000)
  region size 1024K, 0 young (0K), 0 survivors (0K)
 Metaspace       used 59902K, committed 60288K, reserved 1114112K
  class space    used 7485K, committed 7680K, reserved 1048576K
}
Event: 36130.804 GC heap before
{Heap before GC invocations=1191 (full 1019):
 garbage-first heap   total 106496K, used 39437K [0x00000000c0000000, 0x0000000100000000)
  region size 1024K, 1 young (1024K), 0 survivors (0K)
 Metaspace       used 59902K, committed 60288K, reserved 1114112K
  class space    used 7485K, committed 7680K, reserved 1048576K
}
Event: 36130.854 GC heap after
{Heap after GC invocations=1192 (full 1020):
 garbage-first heap   total 106496K, used 39437K [0x00000000c0000000, 0x0000000100000000)
  region size 1024K, 0 young (0K), 0 survivors (0K)
 Metaspace       used 59902K, committed 60288K, reserved 1114112K
  class space    used 7485K, committed 7680K, reserved 1048576K
}
Event: 36141.124 GC heap before
{Heap before GC invocations=1192 (full 1020):
 garbage-first heap   total 106496K, used 39437K [0x00000000c0000000, 0x0000000100000000)
  region size 1024K, 1 young (1024K), 0 survivors (0K)
 Metaspace       used 59902K, committed 60288K, reserved 1114112K
  class space    used 7485K, committed 7680K, reserved 1048576K
}
Event: 36141.186 GC heap after
{Heap after GC invocations=1193 (full 1021):
 garbage-first heap   total 106496K, used 39437K [0x00000000c0000000, 0x0000000100000000)
  region size 1024K, 0 young (0K), 0 survivors (0K)
 Metaspace       used 59902K, committed 60288K, reserved 1114112K
  class space    used 7485K, committed 7680K, reserved 1048576K
}

